[2023-10-24 11:26:33] [INFO]    [OmnipathR] Welcome to OmnipathR!
[2023-10-24 11:26:33] [TRACE]   [OmnipathR] Reading JSON from `/home/matthieu/.cache/OmnipathR/cache.json` (encoding: UTF-8).
[2023-10-24 11:26:33] [TRACE]   [OmnipathR] JSON validation successful: TRUE
[2023-10-24 11:26:33] [INFO]    [OmnipathR] Initialized cache: `/home/matthieu/.cache/OmnipathR`.
[2023-10-24 11:26:33] [TRACE]   [OmnipathR] Reading JSON from `/home/matthieu/R/x86_64-pc-linux-gnu-library/4.3/OmnipathR/db/db_def.json` (encoding: UTF-8).
[2023-10-24 11:26:33] [TRACE]   [OmnipathR] JSON validation successful: TRUE
[2023-10-24 11:26:33] [TRACE]   [OmnipathR] Reading JSON from `/home/matthieu/R/x86_64-pc-linux-gnu-library/4.3/OmnipathR/internal/magic_bytes.json` (encoding: UTF-8).
[2023-10-24 11:26:33] [TRACE]   [OmnipathR] JSON validation successful: TRUE
[2023-10-24 11:26:34] [TRACE]   [OmnipathR] Reading JSON from `/home/matthieu/R/x86_64-pc-linux-gnu-library/4.3/OmnipathR/internal/urls.json` (encoding: UTF-8).
[2023-10-24 11:26:34] [TRACE]   [OmnipathR] JSON validation successful: TRUE
[2023-10-24 11:26:34] [TRACE]   [OmnipathR] Reading JSON from `/home/matthieu/R/x86_64-pc-linux-gnu-library/4.3/OmnipathR/internal/id_types.json` (encoding: UTF-8).
[2023-10-24 11:26:34] [TRACE]   [OmnipathR] JSON validation successful: TRUE
[2023-10-24 11:26:34] [TRACE]   [OmnipathR] Reading JSON from `https://omnipathdb.org/resources` (encoding: UTF-8).
[2023-10-24 11:26:34] [TRACE]   [OmnipathR] JSON validation successful: TRUE
[2023-10-24 11:26:34] [TRACE]   [OmnipathR] Reading JSON from `https://omnipathdb.org/resources` (encoding: UTF-8).
[2023-10-24 11:26:34] [TRACE]   [OmnipathR] JSON validation successful: TRUE
[2023-10-24 11:26:35] [TRACE]   [OmnipathR] Loaded data from RDS `/home/matthieu/.cache/OmnipathR/3492392585ba05414edfae46801492076437d7e7-1.rds`.
[2023-10-24 11:26:35] [INFO]    [OmnipathR] Loaded from cache: `https://omnipathdb.org/annotations?resources=PROGENy&license=academic`
[2023-10-24 11:26:35] [SUCCESS] [OmnipathR] Loaded 700239 annotation records from cache.
[2023-10-24 11:53:09] [TRACE]   [OmnipathR] Reading JSON from `https://omnipathdb.org/resources` (encoding: UTF-8).
[2023-10-24 11:53:09] [TRACE]   [OmnipathR] JSON validation successful: TRUE
[2023-10-24 11:53:09] [TRACE]   [OmnipathR] Reading JSON from `https://omnipathdb.org/resources` (encoding: UTF-8).
[2023-10-24 11:53:09] [TRACE]   [OmnipathR] JSON validation successful: TRUE
[2023-10-24 11:53:10] [TRACE]   [OmnipathR] Loaded data from RDS `/home/matthieu/.cache/OmnipathR/3492392585ba05414edfae46801492076437d7e7-1.rds`.
[2023-10-24 11:53:10] [INFO]    [OmnipathR] Loaded from cache: `https://omnipathdb.org/annotations?resources=PROGENy&license=academic`
[2023-10-24 11:53:10] [SUCCESS] [OmnipathR] Loaded 700239 annotation records from cache.
